<?xml version="1.0" encoding="UTF-8"?>
<testsuite name="org.springframework.context.annotation.jsr330.ClassPathBeanDefinitionScannerJsr330ScopeIntegrationTests" tests="10" skipped="0" failures="0" errors="0" timestamp="2019-11-11T06:08:35" hostname="gangzideMacBook-Pro.local" time="0.722">
  <properties/>
  <testcase name="testSingletonScopeWithNoProxy()" classname="org.springframework.context.annotation.jsr330.ClassPathBeanDefinitionScannerJsr330ScopeIntegrationTests" time="0.103"/>
  <testcase name="testSessionScopeWithNoProxy()" classname="org.springframework.context.annotation.jsr330.ClassPathBeanDefinitionScannerJsr330ScopeIntegrationTests" time="0.122"/>
  <testcase name="testSingletonScopeIgnoresProxyInterfaces()" classname="org.springframework.context.annotation.jsr330.ClassPathBeanDefinitionScannerJsr330ScopeIntegrationTests" time="0.067"/>
  <testcase name="testRequestScopeWithNoProxy()" classname="org.springframework.context.annotation.jsr330.ClassPathBeanDefinitionScannerJsr330ScopeIntegrationTests" time="0.052"/>
  <testcase name="testSessionScopeWithProxiedTargetClass()" classname="org.springframework.context.annotation.jsr330.ClassPathBeanDefinitionScannerJsr330ScopeIntegrationTests" time="0.093"/>
  <testcase name="testRequestScopeWithProxiedTargetClass()" classname="org.springframework.context.annotation.jsr330.ClassPathBeanDefinitionScannerJsr330ScopeIntegrationTests" time="0.027"/>
  <testcase name="testPrototype()" classname="org.springframework.context.annotation.jsr330.ClassPathBeanDefinitionScannerJsr330ScopeIntegrationTests" time="0.082"/>
  <testcase name="testRequestScopeWithProxiedInterfaces()" classname="org.springframework.context.annotation.jsr330.ClassPathBeanDefinitionScannerJsr330ScopeIntegrationTests" time="0.058"/>
  <testcase name="testSingletonScopeIgnoresProxyTargetClass()" classname="org.springframework.context.annotation.jsr330.ClassPathBeanDefinitionScannerJsr330ScopeIntegrationTests" time="0.046"/>
  <testcase name="testSessionScopeWithProxiedInterfaces()" classname="org.springframework.context.annotation.jsr330.ClassPathBeanDefinitionScannerJsr330ScopeIntegrationTests" time="0.049"/>
  <system-out><![CDATA[14:08:35.127 [Test worker] DEBUG o.s.c.a.ClassPathBeanDefinitionScanner - Identified candidate component class: file [/Users/gangzi/Documents/workspace_learn/spring-framework/integration-tests/build/classes/java/test/org/springframework/context/annotation/jsr330/ClassPathBeanDefinitionScannerJsr330ScopeIntegrationTests$PrototypeScopedTestBean.class]
14:08:35.138 [Test worker] DEBUG o.s.c.a.ClassPathBeanDefinitionScanner - Identified candidate component class: file [/Users/gangzi/Documents/workspace_learn/spring-framework/integration-tests/build/classes/java/test/org/springframework/context/annotation/jsr330/ClassPathBeanDefinitionScannerJsr330ScopeIntegrationTests$RequestScopedTestBean.class]
14:08:35.140 [Test worker] DEBUG o.s.c.a.ClassPathBeanDefinitionScanner - Identified candidate component class: file [/Users/gangzi/Documents/workspace_learn/spring-framework/integration-tests/build/classes/java/test/org/springframework/context/annotation/jsr330/ClassPathBeanDefinitionScannerJsr330ScopeIntegrationTests$SessionScopedTestBean.class]
14:08:35.141 [Test worker] DEBUG o.s.c.a.ClassPathBeanDefinitionScanner - Identified candidate component class: file [/Users/gangzi/Documents/workspace_learn/spring-framework/integration-tests/build/classes/java/test/org/springframework/context/annotation/jsr330/ClassPathBeanDefinitionScannerJsr330ScopeIntegrationTests$SingletonScopedTestBean.class]
14:08:35.148 [Test worker] DEBUG o.s.c.a.ClassPathBeanDefinitionScanner - Identified candidate component class: file [/Users/gangzi/Documents/workspace_learn/spring-framework/integration-tests/build/classes/java/test/org/springframework/context/annotation/jsr330/ClassPathBeanDefinitionScannerJsr330ScopeIntegrationTests$PrototypeScopedTestBean.class]
14:08:35.148 [Test worker] DEBUG o.s.c.a.ClassPathBeanDefinitionScanner - Identified candidate component class: file [/Users/gangzi/Documents/workspace_learn/spring-framework/integration-tests/build/classes/java/test/org/springframework/context/annotation/jsr330/ClassPathBeanDefinitionScannerJsr330ScopeIntegrationTests$RequestScopedTestBean.class]
14:08:35.148 [Test worker] DEBUG o.s.c.a.ClassPathBeanDefinitionScanner - Identified candidate component class: file [/Users/gangzi/Documents/workspace_learn/spring-framework/integration-tests/build/classes/java/test/org/springframework/context/annotation/jsr330/ClassPathBeanDefinitionScannerJsr330ScopeIntegrationTests$SessionScopedTestBean.class]
14:08:35.149 [Test worker] DEBUG o.s.c.a.ClassPathBeanDefinitionScanner - Identified candidate component class: file [/Users/gangzi/Documents/workspace_learn/spring-framework/integration-tests/build/classes/java/test/org/springframework/context/annotation/jsr330/ClassPathBeanDefinitionScannerJsr330ScopeIntegrationTests$SingletonScopedTestBean.class]
14:08:35.150 [Test worker] DEBUG o.s.w.c.s.GenericWebApplicationContext - Refreshing org.springframework.web.context.support.GenericWebApplicationContext@18aa9f26
14:08:35.155 [Test worker] DEBUG o.s.u.c.s.UiApplicationContextUtils - Unable to locate ThemeSource with name 'themeSource': using default [org.springframework.ui.context.support.ResourceBundleThemeSource@3477bba2]
14:08:35.155 [Test worker] DEBUG o.s.b.f.s.DefaultListableBeanFactory - Creating shared instance of singleton bean 'singleton'
14:08:35.166 [Test worker] DEBUG o.s.c.a.ClassPathBeanDefinitionScanner - Identified candidate component class: file [/Users/gangzi/Documents/workspace_learn/spring-framework/integration-tests/build/classes/java/test/org/springframework/context/annotation/jsr330/ClassPathBeanDefinitionScannerJsr330ScopeIntegrationTests$PrototypeScopedTestBean.class]
14:08:35.167 [Test worker] DEBUG o.s.c.a.ClassPathBeanDefinitionScanner - Identified candidate component class: file [/Users/gangzi/Documents/workspace_learn/spring-framework/integration-tests/build/classes/java/test/org/springframework/context/annotation/jsr330/ClassPathBeanDefinitionScannerJsr330ScopeIntegrationTests$RequestScopedTestBean.class]
14:08:35.171 [Test worker] DEBUG o.s.c.a.ClassPathBeanDefinitionScanner - Identified candidate component class: file [/Users/gangzi/Documents/workspace_learn/spring-framework/integration-tests/build/classes/java/test/org/springframework/context/annotation/jsr330/ClassPathBeanDefinitionScannerJsr330ScopeIntegrationTests$SessionScopedTestBean.class]
14:08:35.172 [Test worker] DEBUG o.s.c.a.ClassPathBeanDefinitionScanner - Identified candidate component class: file [/Users/gangzi/Documents/workspace_learn/spring-framework/integration-tests/build/classes/java/test/org/springframework/context/annotation/jsr330/ClassPathBeanDefinitionScannerJsr330ScopeIntegrationTests$SingletonScopedTestBean.class]
14:08:35.250 [Test worker] DEBUG o.s.c.a.ClassPathBeanDefinitionScanner - Identified candidate component class: file [/Users/gangzi/Documents/workspace_learn/spring-framework/integration-tests/build/classes/java/test/org/springframework/context/annotation/jsr330/ClassPathBeanDefinitionScannerJsr330ScopeIntegrationTests$PrototypeScopedTestBean.class]
14:08:35.250 [Test worker] DEBUG o.s.c.a.ClassPathBeanDefinitionScanner - Identified candidate component class: file [/Users/gangzi/Documents/workspace_learn/spring-framework/integration-tests/build/classes/java/test/org/springframework/context/annotation/jsr330/ClassPathBeanDefinitionScannerJsr330ScopeIntegrationTests$RequestScopedTestBean.class]
14:08:35.251 [Test worker] DEBUG o.s.c.a.ClassPathBeanDefinitionScanner - Identified candidate component class: file [/Users/gangzi/Documents/workspace_learn/spring-framework/integration-tests/build/classes/java/test/org/springframework/context/annotation/jsr330/ClassPathBeanDefinitionScannerJsr330ScopeIntegrationTests$SessionScopedTestBean.class]
14:08:35.253 [Test worker] DEBUG o.s.c.a.ClassPathBeanDefinitionScanner - Identified candidate component class: file [/Users/gangzi/Documents/workspace_learn/spring-framework/integration-tests/build/classes/java/test/org/springframework/context/annotation/jsr330/ClassPathBeanDefinitionScannerJsr330ScopeIntegrationTests$SingletonScopedTestBean.class]
14:08:35.255 [Test worker] DEBUG o.s.w.c.s.GenericWebApplicationContext - Refreshing org.springframework.web.context.support.GenericWebApplicationContext@5b3041e8
14:08:35.256 [Test worker] DEBUG o.s.u.c.s.UiApplicationContextUtils - Unable to locate ThemeSource with name 'themeSource': using default [org.springframework.ui.context.support.ResourceBundleThemeSource@25744ca4]
14:08:35.257 [Test worker] DEBUG o.s.b.f.s.DefaultListableBeanFactory - Creating shared instance of singleton bean 'singleton'
14:08:35.326 [Test worker] DEBUG o.s.c.a.ClassPathBeanDefinitionScanner - Identified candidate component class: file [/Users/gangzi/Documents/workspace_learn/spring-framework/integration-tests/build/classes/java/test/org/springframework/context/annotation/jsr330/ClassPathBeanDefinitionScannerJsr330ScopeIntegrationTests$PrototypeScopedTestBean.class]
14:08:35.327 [Test worker] DEBUG o.s.c.a.ClassPathBeanDefinitionScanner - Identified candidate component class: file [/Users/gangzi/Documents/workspace_learn/spring-framework/integration-tests/build/classes/java/test/org/springframework/context/annotation/jsr330/ClassPathBeanDefinitionScannerJsr330ScopeIntegrationTests$RequestScopedTestBean.class]
14:08:35.328 [Test worker] DEBUG o.s.c.a.ClassPathBeanDefinitionScanner - Identified candidate component class: file [/Users/gangzi/Documents/workspace_learn/spring-framework/integration-tests/build/classes/java/test/org/springframework/context/annotation/jsr330/ClassPathBeanDefinitionScannerJsr330ScopeIntegrationTests$SessionScopedTestBean.class]
14:08:35.329 [Test worker] DEBUG o.s.c.a.ClassPathBeanDefinitionScanner - Identified candidate component class: file [/Users/gangzi/Documents/workspace_learn/spring-framework/integration-tests/build/classes/java/test/org/springframework/context/annotation/jsr330/ClassPathBeanDefinitionScannerJsr330ScopeIntegrationTests$SingletonScopedTestBean.class]
14:08:35.333 [Test worker] DEBUG o.s.c.a.ClassPathBeanDefinitionScanner - Identified candidate component class: file [/Users/gangzi/Documents/workspace_learn/spring-framework/integration-tests/build/classes/java/test/org/springframework/context/annotation/jsr330/ClassPathBeanDefinitionScannerJsr330ScopeIntegrationTests$PrototypeScopedTestBean.class]
14:08:35.333 [Test worker] DEBUG o.s.c.a.ClassPathBeanDefinitionScanner - Identified candidate component class: file [/Users/gangzi/Documents/workspace_learn/spring-framework/integration-tests/build/classes/java/test/org/springframework/context/annotation/jsr330/ClassPathBeanDefinitionScannerJsr330ScopeIntegrationTests$RequestScopedTestBean.class]
14:08:35.333 [Test worker] DEBUG o.s.c.a.ClassPathBeanDefinitionScanner - Identified candidate component class: file [/Users/gangzi/Documents/workspace_learn/spring-framework/integration-tests/build/classes/java/test/org/springframework/context/annotation/jsr330/ClassPathBeanDefinitionScannerJsr330ScopeIntegrationTests$SessionScopedTestBean.class]
14:08:35.334 [Test worker] DEBUG o.s.c.a.ClassPathBeanDefinitionScanner - Identified candidate component class: file [/Users/gangzi/Documents/workspace_learn/spring-framework/integration-tests/build/classes/java/test/org/springframework/context/annotation/jsr330/ClassPathBeanDefinitionScannerJsr330ScopeIntegrationTests$SingletonScopedTestBean.class]
14:08:35.335 [Test worker] DEBUG o.s.w.c.s.GenericWebApplicationContext - Refreshing org.springframework.web.context.support.GenericWebApplicationContext@34955585
14:08:35.335 [Test worker] DEBUG o.s.u.c.s.UiApplicationContextUtils - Unable to locate ThemeSource with name 'themeSource': using default [org.springframework.ui.context.support.ResourceBundleThemeSource@73d9ec75]
14:08:35.336 [Test worker] DEBUG o.s.b.f.s.DefaultListableBeanFactory - Creating shared instance of singleton bean 'request'
14:08:35.347 [Test worker] DEBUG o.s.b.f.s.DefaultListableBeanFactory - Creating shared instance of singleton bean 'classPathBeanDefinitionScannerJsr330ScopeIntegrationTests.SessionScopedTestBean'
14:08:35.348 [Test worker] DEBUG o.s.b.f.s.DefaultListableBeanFactory - Creating shared instance of singleton bean 'singleton'
14:08:35.389 [Test worker] DEBUG o.s.c.a.ClassPathBeanDefinitionScanner - Identified candidate component class: file [/Users/gangzi/Documents/workspace_learn/spring-framework/integration-tests/build/classes/java/test/org/springframework/context/annotation/jsr330/ClassPathBeanDefinitionScannerJsr330ScopeIntegrationTests$PrototypeScopedTestBean.class]
14:08:35.390 [Test worker] DEBUG o.s.c.a.ClassPathBeanDefinitionScanner - Identified candidate component class: file [/Users/gangzi/Documents/workspace_learn/spring-framework/integration-tests/build/classes/java/test/org/springframework/context/annotation/jsr330/ClassPathBeanDefinitionScannerJsr330ScopeIntegrationTests$RequestScopedTestBean.class]
14:08:35.392 [Test worker] DEBUG o.s.c.a.ClassPathBeanDefinitionScanner - Identified candidate component class: file [/Users/gangzi/Documents/workspace_learn/spring-framework/integration-tests/build/classes/java/test/org/springframework/context/annotation/jsr330/ClassPathBeanDefinitionScannerJsr330ScopeIntegrationTests$SessionScopedTestBean.class]
14:08:35.393 [Test worker] DEBUG o.s.c.a.ClassPathBeanDefinitionScanner - Identified candidate component class: file [/Users/gangzi/Documents/workspace_learn/spring-framework/integration-tests/build/classes/java/test/org/springframework/context/annotation/jsr330/ClassPathBeanDefinitionScannerJsr330ScopeIntegrationTests$SingletonScopedTestBean.class]
14:08:35.396 [Test worker] DEBUG o.s.c.a.ClassPathBeanDefinitionScanner - Identified candidate component class: file [/Users/gangzi/Documents/workspace_learn/spring-framework/integration-tests/build/classes/java/test/org/springframework/context/annotation/jsr330/ClassPathBeanDefinitionScannerJsr330ScopeIntegrationTests$PrototypeScopedTestBean.class]
14:08:35.396 [Test worker] DEBUG o.s.c.a.ClassPathBeanDefinitionScanner - Identified candidate component class: file [/Users/gangzi/Documents/workspace_learn/spring-framework/integration-tests/build/classes/java/test/org/springframework/context/annotation/jsr330/ClassPathBeanDefinitionScannerJsr330ScopeIntegrationTests$RequestScopedTestBean.class]
14:08:35.398 [Test worker] DEBUG o.s.c.a.ClassPathBeanDefinitionScanner - Identified candidate component class: file [/Users/gangzi/Documents/workspace_learn/spring-framework/integration-tests/build/classes/java/test/org/springframework/context/annotation/jsr330/ClassPathBeanDefinitionScannerJsr330ScopeIntegrationTests$SessionScopedTestBean.class]
14:08:35.398 [Test worker] DEBUG o.s.c.a.ClassPathBeanDefinitionScanner - Identified candidate component class: file [/Users/gangzi/Documents/workspace_learn/spring-framework/integration-tests/build/classes/java/test/org/springframework/context/annotation/jsr330/ClassPathBeanDefinitionScannerJsr330ScopeIntegrationTests$SingletonScopedTestBean.class]
14:08:35.399 [Test worker] DEBUG o.s.w.c.s.GenericWebApplicationContext - Refreshing org.springframework.web.context.support.GenericWebApplicationContext@5c1c32c1
14:08:35.399 [Test worker] DEBUG o.s.u.c.s.UiApplicationContextUtils - Unable to locate ThemeSource with name 'themeSource': using default [org.springframework.ui.context.support.ResourceBundleThemeSource@7dfecb9d]
14:08:35.400 [Test worker] DEBUG o.s.b.f.s.DefaultListableBeanFactory - Creating shared instance of singleton bean 'singleton'
14:08:35.441 [Test worker] DEBUG o.s.c.a.ClassPathBeanDefinitionScanner - Identified candidate component class: file [/Users/gangzi/Documents/workspace_learn/spring-framework/integration-tests/build/classes/java/test/org/springframework/context/annotation/jsr330/ClassPathBeanDefinitionScannerJsr330ScopeIntegrationTests$PrototypeScopedTestBean.class]
14:08:35.442 [Test worker] DEBUG o.s.c.a.ClassPathBeanDefinitionScanner - Identified candidate component class: file [/Users/gangzi/Documents/workspace_learn/spring-framework/integration-tests/build/classes/java/test/org/springframework/context/annotation/jsr330/ClassPathBeanDefinitionScannerJsr330ScopeIntegrationTests$RequestScopedTestBean.class]
14:08:35.443 [Test worker] DEBUG o.s.c.a.ClassPathBeanDefinitionScanner - Identified candidate component class: file [/Users/gangzi/Documents/workspace_learn/spring-framework/integration-tests/build/classes/java/test/org/springframework/context/annotation/jsr330/ClassPathBeanDefinitionScannerJsr330ScopeIntegrationTests$SessionScopedTestBean.class]
14:08:35.444 [Test worker] DEBUG o.s.c.a.ClassPathBeanDefinitionScanner - Identified candidate component class: file [/Users/gangzi/Documents/workspace_learn/spring-framework/integration-tests/build/classes/java/test/org/springframework/context/annotation/jsr330/ClassPathBeanDefinitionScannerJsr330ScopeIntegrationTests$SingletonScopedTestBean.class]
14:08:35.447 [Test worker] DEBUG o.s.c.a.ClassPathBeanDefinitionScanner - Identified candidate component class: file [/Users/gangzi/Documents/workspace_learn/spring-framework/integration-tests/build/classes/java/test/org/springframework/context/annotation/jsr330/ClassPathBeanDefinitionScannerJsr330ScopeIntegrationTests$PrototypeScopedTestBean.class]
14:08:35.448 [Test worker] DEBUG o.s.c.a.ClassPathBeanDefinitionScanner - Identified candidate component class: file [/Users/gangzi/Documents/workspace_learn/spring-framework/integration-tests/build/classes/java/test/org/springframework/context/annotation/jsr330/ClassPathBeanDefinitionScannerJsr330ScopeIntegrationTests$RequestScopedTestBean.class]
14:08:35.448 [Test worker] DEBUG o.s.c.a.ClassPathBeanDefinitionScanner - Identified candidate component class: file [/Users/gangzi/Documents/workspace_learn/spring-framework/integration-tests/build/classes/java/test/org/springframework/context/annotation/jsr330/ClassPathBeanDefinitionScannerJsr330ScopeIntegrationTests$SessionScopedTestBean.class]
14:08:35.449 [Test worker] DEBUG o.s.c.a.ClassPathBeanDefinitionScanner - Identified candidate component class: file [/Users/gangzi/Documents/workspace_learn/spring-framework/integration-tests/build/classes/java/test/org/springframework/context/annotation/jsr330/ClassPathBeanDefinitionScannerJsr330ScopeIntegrationTests$SingletonScopedTestBean.class]
14:08:35.451 [Test worker] DEBUG o.s.w.c.s.GenericWebApplicationContext - Refreshing org.springframework.web.context.support.GenericWebApplicationContext@529c3611
14:08:35.473 [Test worker] DEBUG o.s.u.c.s.UiApplicationContextUtils - Unable to locate ThemeSource with name 'themeSource': using default [org.springframework.ui.context.support.ResourceBundleThemeSource@4ba1defc]
14:08:35.474 [Test worker] DEBUG o.s.b.f.s.DefaultListableBeanFactory - Creating shared instance of singleton bean 'request'
14:08:35.483 [Test worker] DEBUG o.s.b.f.s.DefaultListableBeanFactory - Creating shared instance of singleton bean 'classPathBeanDefinitionScannerJsr330ScopeIntegrationTests.SessionScopedTestBean'
14:08:35.488 [Test worker] DEBUG o.s.b.f.s.DefaultListableBeanFactory - Creating shared instance of singleton bean 'singleton'
14:08:35.518 [Test worker] DEBUG o.s.c.a.ClassPathBeanDefinitionScanner - Identified candidate component class: file [/Users/gangzi/Documents/workspace_learn/spring-framework/integration-tests/build/classes/java/test/org/springframework/context/annotation/jsr330/ClassPathBeanDefinitionScannerJsr330ScopeIntegrationTests$PrototypeScopedTestBean.class]
14:08:35.520 [Test worker] DEBUG o.s.c.a.ClassPathBeanDefinitionScanner - Identified candidate component class: file [/Users/gangzi/Documents/workspace_learn/spring-framework/integration-tests/build/classes/java/test/org/springframework/context/annotation/jsr330/ClassPathBeanDefinitionScannerJsr330ScopeIntegrationTests$RequestScopedTestBean.class]
14:08:35.520 [Test worker] DEBUG o.s.c.a.ClassPathBeanDefinitionScanner - Identified candidate component class: file [/Users/gangzi/Documents/workspace_learn/spring-framework/integration-tests/build/classes/java/test/org/springframework/context/annotation/jsr330/ClassPathBeanDefinitionScannerJsr330ScopeIntegrationTests$SessionScopedTestBean.class]
14:08:35.521 [Test worker] DEBUG o.s.c.a.ClassPathBeanDefinitionScanner - Identified candidate component class: file [/Users/gangzi/Documents/workspace_learn/spring-framework/integration-tests/build/classes/java/test/org/springframework/context/annotation/jsr330/ClassPathBeanDefinitionScannerJsr330ScopeIntegrationTests$SingletonScopedTestBean.class]
14:08:35.526 [Test worker] DEBUG o.s.c.a.ClassPathBeanDefinitionScanner - Identified candidate component class: file [/Users/gangzi/Documents/workspace_learn/spring-framework/integration-tests/build/classes/java/test/org/springframework/context/annotation/jsr330/ClassPathBeanDefinitionScannerJsr330ScopeIntegrationTests$PrototypeScopedTestBean.class]
14:08:35.526 [Test worker] DEBUG o.s.c.a.ClassPathBeanDefinitionScanner - Identified candidate component class: file [/Users/gangzi/Documents/workspace_learn/spring-framework/integration-tests/build/classes/java/test/org/springframework/context/annotation/jsr330/ClassPathBeanDefinitionScannerJsr330ScopeIntegrationTests$RequestScopedTestBean.class]
14:08:35.526 [Test worker] DEBUG o.s.c.a.ClassPathBeanDefinitionScanner - Identified candidate component class: file [/Users/gangzi/Documents/workspace_learn/spring-framework/integration-tests/build/classes/java/test/org/springframework/context/annotation/jsr330/ClassPathBeanDefinitionScannerJsr330ScopeIntegrationTests$SessionScopedTestBean.class]
14:08:35.526 [Test worker] DEBUG o.s.c.a.ClassPathBeanDefinitionScanner - Identified candidate component class: file [/Users/gangzi/Documents/workspace_learn/spring-framework/integration-tests/build/classes/java/test/org/springframework/context/annotation/jsr330/ClassPathBeanDefinitionScannerJsr330ScopeIntegrationTests$SingletonScopedTestBean.class]
14:08:35.528 [Test worker] DEBUG o.s.w.c.s.GenericWebApplicationContext - Refreshing org.springframework.web.context.support.GenericWebApplicationContext@332d5471
14:08:35.530 [Test worker] DEBUG o.s.u.c.s.UiApplicationContextUtils - Unable to locate ThemeSource with name 'themeSource': using default [org.springframework.ui.context.support.ResourceBundleThemeSource@2716a48f]
14:08:35.530 [Test worker] DEBUG o.s.b.f.s.DefaultListableBeanFactory - Creating shared instance of singleton bean 'request'
14:08:35.531 [Test worker] DEBUG o.s.b.f.s.DefaultListableBeanFactory - Creating shared instance of singleton bean 'classPathBeanDefinitionScannerJsr330ScopeIntegrationTests.SessionScopedTestBean'
14:08:35.532 [Test worker] DEBUG o.s.b.f.s.DefaultListableBeanFactory - Creating shared instance of singleton bean 'singleton'
14:08:35.546 [Test worker] DEBUG o.s.c.a.ClassPathBeanDefinitionScanner - Identified candidate component class: file [/Users/gangzi/Documents/workspace_learn/spring-framework/integration-tests/build/classes/java/test/org/springframework/context/annotation/jsr330/ClassPathBeanDefinitionScannerJsr330ScopeIntegrationTests$PrototypeScopedTestBean.class]
14:08:35.547 [Test worker] DEBUG o.s.c.a.ClassPathBeanDefinitionScanner - Identified candidate component class: file [/Users/gangzi/Documents/workspace_learn/spring-framework/integration-tests/build/classes/java/test/org/springframework/context/annotation/jsr330/ClassPathBeanDefinitionScannerJsr330ScopeIntegrationTests$RequestScopedTestBean.class]
14:08:35.548 [Test worker] DEBUG o.s.c.a.ClassPathBeanDefinitionScanner - Identified candidate component class: file [/Users/gangzi/Documents/workspace_learn/spring-framework/integration-tests/build/classes/java/test/org/springframework/context/annotation/jsr330/ClassPathBeanDefinitionScannerJsr330ScopeIntegrationTests$SessionScopedTestBean.class]
14:08:35.548 [Test worker] DEBUG o.s.c.a.ClassPathBeanDefinitionScanner - Identified candidate component class: file [/Users/gangzi/Documents/workspace_learn/spring-framework/integration-tests/build/classes/java/test/org/springframework/context/annotation/jsr330/ClassPathBeanDefinitionScannerJsr330ScopeIntegrationTests$SingletonScopedTestBean.class]
14:08:35.617 [Test worker] DEBUG o.s.c.a.ClassPathBeanDefinitionScanner - Identified candidate component class: file [/Users/gangzi/Documents/workspace_learn/spring-framework/integration-tests/build/classes/java/test/org/springframework/context/annotation/jsr330/ClassPathBeanDefinitionScannerJsr330ScopeIntegrationTests$PrototypeScopedTestBean.class]
14:08:35.617 [Test worker] DEBUG o.s.c.a.ClassPathBeanDefinitionScanner - Identified candidate component class: file [/Users/gangzi/Documents/workspace_learn/spring-framework/integration-tests/build/classes/java/test/org/springframework/context/annotation/jsr330/ClassPathBeanDefinitionScannerJsr330ScopeIntegrationTests$RequestScopedTestBean.class]
14:08:35.619 [Test worker] DEBUG o.s.c.a.ClassPathBeanDefinitionScanner - Identified candidate component class: file [/Users/gangzi/Documents/workspace_learn/spring-framework/integration-tests/build/classes/java/test/org/springframework/context/annotation/jsr330/ClassPathBeanDefinitionScannerJsr330ScopeIntegrationTests$SessionScopedTestBean.class]
14:08:35.619 [Test worker] DEBUG o.s.c.a.ClassPathBeanDefinitionScanner - Identified candidate component class: file [/Users/gangzi/Documents/workspace_learn/spring-framework/integration-tests/build/classes/java/test/org/springframework/context/annotation/jsr330/ClassPathBeanDefinitionScannerJsr330ScopeIntegrationTests$SingletonScopedTestBean.class]
14:08:35.619 [Test worker] DEBUG o.s.w.c.s.GenericWebApplicationContext - Refreshing org.springframework.web.context.support.GenericWebApplicationContext@7e41e2c0
14:08:35.620 [Test worker] DEBUG o.s.u.c.s.UiApplicationContextUtils - Unable to locate ThemeSource with name 'themeSource': using default [org.springframework.ui.context.support.ResourceBundleThemeSource@5bd3096c]
14:08:35.620 [Test worker] DEBUG o.s.b.f.s.DefaultListableBeanFactory - Creating shared instance of singleton bean 'singleton'
14:08:35.642 [Test worker] DEBUG o.s.c.a.ClassPathBeanDefinitionScanner - Identified candidate component class: file [/Users/gangzi/Documents/workspace_learn/spring-framework/integration-tests/build/classes/java/test/org/springframework/context/annotation/jsr330/ClassPathBeanDefinitionScannerJsr330ScopeIntegrationTests$PrototypeScopedTestBean.class]
14:08:35.643 [Test worker] DEBUG o.s.c.a.ClassPathBeanDefinitionScanner - Identified candidate component class: file [/Users/gangzi/Documents/workspace_learn/spring-framework/integration-tests/build/classes/java/test/org/springframework/context/annotation/jsr330/ClassPathBeanDefinitionScannerJsr330ScopeIntegrationTests$RequestScopedTestBean.class]
14:08:35.644 [Test worker] DEBUG o.s.c.a.ClassPathBeanDefinitionScanner - Identified candidate component class: file [/Users/gangzi/Documents/workspace_learn/spring-framework/integration-tests/build/classes/java/test/org/springframework/context/annotation/jsr330/ClassPathBeanDefinitionScannerJsr330ScopeIntegrationTests$SessionScopedTestBean.class]
14:08:35.645 [Test worker] DEBUG o.s.c.a.ClassPathBeanDefinitionScanner - Identified candidate component class: file [/Users/gangzi/Documents/workspace_learn/spring-framework/integration-tests/build/classes/java/test/org/springframework/context/annotation/jsr330/ClassPathBeanDefinitionScannerJsr330ScopeIntegrationTests$SingletonScopedTestBean.class]
14:08:35.648 [Test worker] DEBUG o.s.c.a.ClassPathBeanDefinitionScanner - Identified candidate component class: file [/Users/gangzi/Documents/workspace_learn/spring-framework/integration-tests/build/classes/java/test/org/springframework/context/annotation/jsr330/ClassPathBeanDefinitionScannerJsr330ScopeIntegrationTests$PrototypeScopedTestBean.class]
14:08:35.648 [Test worker] DEBUG o.s.c.a.ClassPathBeanDefinitionScanner - Identified candidate component class: file [/Users/gangzi/Documents/workspace_learn/spring-framework/integration-tests/build/classes/java/test/org/springframework/context/annotation/jsr330/ClassPathBeanDefinitionScannerJsr330ScopeIntegrationTests$RequestScopedTestBean.class]
14:08:35.649 [Test worker] DEBUG o.s.c.a.ClassPathBeanDefinitionScanner - Identified candidate component class: file [/Users/gangzi/Documents/workspace_learn/spring-framework/integration-tests/build/classes/java/test/org/springframework/context/annotation/jsr330/ClassPathBeanDefinitionScannerJsr330ScopeIntegrationTests$SessionScopedTestBean.class]
14:08:35.649 [Test worker] DEBUG o.s.c.a.ClassPathBeanDefinitionScanner - Identified candidate component class: file [/Users/gangzi/Documents/workspace_learn/spring-framework/integration-tests/build/classes/java/test/org/springframework/context/annotation/jsr330/ClassPathBeanDefinitionScannerJsr330ScopeIntegrationTests$SingletonScopedTestBean.class]
14:08:35.650 [Test worker] DEBUG o.s.w.c.s.GenericWebApplicationContext - Refreshing org.springframework.web.context.support.GenericWebApplicationContext@2af5a734
14:08:35.651 [Test worker] DEBUG o.s.u.c.s.UiApplicationContextUtils - Unable to locate ThemeSource with name 'themeSource': using default [org.springframework.ui.context.support.ResourceBundleThemeSource@6a4649cc]
14:08:35.651 [Test worker] DEBUG o.s.b.f.s.DefaultListableBeanFactory - Creating shared instance of singleton bean 'request'
14:08:35.652 [Test worker] DEBUG o.s.b.f.s.DefaultListableBeanFactory - Creating shared instance of singleton bean 'classPathBeanDefinitionScannerJsr330ScopeIntegrationTests.SessionScopedTestBean'
14:08:35.652 [Test worker] DEBUG o.s.b.f.s.DefaultListableBeanFactory - Creating shared instance of singleton bean 'singleton'
14:08:35.685 [Test worker] DEBUG o.s.c.a.ClassPathBeanDefinitionScanner - Identified candidate component class: file [/Users/gangzi/Documents/workspace_learn/spring-framework/integration-tests/build/classes/java/test/org/springframework/context/annotation/jsr330/ClassPathBeanDefinitionScannerJsr330ScopeIntegrationTests$PrototypeScopedTestBean.class]
14:08:35.686 [Test worker] DEBUG o.s.c.a.ClassPathBeanDefinitionScanner - Identified candidate component class: file [/Users/gangzi/Documents/workspace_learn/spring-framework/integration-tests/build/classes/java/test/org/springframework/context/annotation/jsr330/ClassPathBeanDefinitionScannerJsr330ScopeIntegrationTests$RequestScopedTestBean.class]
14:08:35.687 [Test worker] DEBUG o.s.c.a.ClassPathBeanDefinitionScanner - Identified candidate component class: file [/Users/gangzi/Documents/workspace_learn/spring-framework/integration-tests/build/classes/java/test/org/springframework/context/annotation/jsr330/ClassPathBeanDefinitionScannerJsr330ScopeIntegrationTests$SessionScopedTestBean.class]
14:08:35.688 [Test worker] DEBUG o.s.c.a.ClassPathBeanDefinitionScanner - Identified candidate component class: file [/Users/gangzi/Documents/workspace_learn/spring-framework/integration-tests/build/classes/java/test/org/springframework/context/annotation/jsr330/ClassPathBeanDefinitionScannerJsr330ScopeIntegrationTests$SingletonScopedTestBean.class]
14:08:35.720 [Test worker] DEBUG o.s.c.a.ClassPathBeanDefinitionScanner - Identified candidate component class: file [/Users/gangzi/Documents/workspace_learn/spring-framework/integration-tests/build/classes/java/test/org/springframework/context/annotation/jsr330/ClassPathBeanDefinitionScannerJsr330ScopeIntegrationTests$PrototypeScopedTestBean.class]
14:08:35.720 [Test worker] DEBUG o.s.c.a.ClassPathBeanDefinitionScanner - Identified candidate component class: file [/Users/gangzi/Documents/workspace_learn/spring-framework/integration-tests/build/classes/java/test/org/springframework/context/annotation/jsr330/ClassPathBeanDefinitionScannerJsr330ScopeIntegrationTests$RequestScopedTestBean.class]
14:08:35.721 [Test worker] DEBUG o.s.c.a.ClassPathBeanDefinitionScanner - Identified candidate component class: file [/Users/gangzi/Documents/workspace_learn/spring-framework/integration-tests/build/classes/java/test/org/springframework/context/annotation/jsr330/ClassPathBeanDefinitionScannerJsr330ScopeIntegrationTests$SessionScopedTestBean.class]
14:08:35.721 [Test worker] DEBUG o.s.c.a.ClassPathBeanDefinitionScanner - Identified candidate component class: file [/Users/gangzi/Documents/workspace_learn/spring-framework/integration-tests/build/classes/java/test/org/springframework/context/annotation/jsr330/ClassPathBeanDefinitionScannerJsr330ScopeIntegrationTests$SingletonScopedTestBean.class]
14:08:35.722 [Test worker] DEBUG o.s.w.c.s.GenericWebApplicationContext - Refreshing org.springframework.web.context.support.GenericWebApplicationContext@6d8d8fb7
14:08:35.723 [Test worker] DEBUG o.s.u.c.s.UiApplicationContextUtils - Unable to locate ThemeSource with name 'themeSource': using default [org.springframework.ui.context.support.ResourceBundleThemeSource@4ca1b4f1]
14:08:35.724 [Test worker] DEBUG o.s.b.f.s.DefaultListableBeanFactory - Creating shared instance of singleton bean 'request'
14:08:35.725 [Test worker] DEBUG o.s.b.f.s.DefaultListableBeanFactory - Creating shared instance of singleton bean 'classPathBeanDefinitionScannerJsr330ScopeIntegrationTests.SessionScopedTestBean'
14:08:35.726 [Test worker] DEBUG o.s.b.f.s.DefaultListableBeanFactory - Creating shared instance of singleton bean 'singleton'
14:08:35.750 [Test worker] DEBUG o.s.c.a.ClassPathBeanDefinitionScanner - Identified candidate component class: file [/Users/gangzi/Documents/workspace_learn/spring-framework/integration-tests/build/classes/java/test/org/springframework/context/annotation/jsr330/ClassPathBeanDefinitionScannerJsr330ScopeIntegrationTests$PrototypeScopedTestBean.class]
14:08:35.751 [Test worker] DEBUG o.s.c.a.ClassPathBeanDefinitionScanner - Identified candidate component class: file [/Users/gangzi/Documents/workspace_learn/spring-framework/integration-tests/build/classes/java/test/org/springframework/context/annotation/jsr330/ClassPathBeanDefinitionScannerJsr330ScopeIntegrationTests$RequestScopedTestBean.class]
14:08:35.752 [Test worker] DEBUG o.s.c.a.ClassPathBeanDefinitionScanner - Identified candidate component class: file [/Users/gangzi/Documents/workspace_learn/spring-framework/integration-tests/build/classes/java/test/org/springframework/context/annotation/jsr330/ClassPathBeanDefinitionScannerJsr330ScopeIntegrationTests$SessionScopedTestBean.class]
14:08:35.752 [Test worker] DEBUG o.s.c.a.ClassPathBeanDefinitionScanner - Identified candidate component class: file [/Users/gangzi/Documents/workspace_learn/spring-framework/integration-tests/build/classes/java/test/org/springframework/context/annotation/jsr330/ClassPathBeanDefinitionScannerJsr330ScopeIntegrationTests$SingletonScopedTestBean.class]
14:08:35.755 [Test worker] DEBUG o.s.c.a.ClassPathBeanDefinitionScanner - Identified candidate component class: file [/Users/gangzi/Documents/workspace_learn/spring-framework/integration-tests/build/classes/java/test/org/springframework/context/annotation/jsr330/ClassPathBeanDefinitionScannerJsr330ScopeIntegrationTests$PrototypeScopedTestBean.class]
14:08:35.756 [Test worker] DEBUG o.s.c.a.ClassPathBeanDefinitionScanner - Identified candidate component class: file [/Users/gangzi/Documents/workspace_learn/spring-framework/integration-tests/build/classes/java/test/org/springframework/context/annotation/jsr330/ClassPathBeanDefinitionScannerJsr330ScopeIntegrationTests$RequestScopedTestBean.class]
14:08:35.756 [Test worker] DEBUG o.s.c.a.ClassPathBeanDefinitionScanner - Identified candidate component class: file [/Users/gangzi/Documents/workspace_learn/spring-framework/integration-tests/build/classes/java/test/org/springframework/context/annotation/jsr330/ClassPathBeanDefinitionScannerJsr330ScopeIntegrationTests$SessionScopedTestBean.class]
14:08:35.756 [Test worker] DEBUG o.s.c.a.ClassPathBeanDefinitionScanner - Identified candidate component class: file [/Users/gangzi/Documents/workspace_learn/spring-framework/integration-tests/build/classes/java/test/org/springframework/context/annotation/jsr330/ClassPathBeanDefinitionScannerJsr330ScopeIntegrationTests$SingletonScopedTestBean.class]
14:08:35.757 [Test worker] DEBUG o.s.w.c.s.GenericWebApplicationContext - Refreshing org.springframework.web.context.support.GenericWebApplicationContext@4d506ae5
14:08:35.758 [Test worker] DEBUG o.s.u.c.s.UiApplicationContextUtils - Unable to locate ThemeSource with name 'themeSource': using default [org.springframework.ui.context.support.ResourceBundleThemeSource@78f9bdea]
14:08:35.760 [Test worker] DEBUG o.s.b.f.s.DefaultListableBeanFactory - Creating shared instance of singleton bean 'request'
14:08:35.761 [Test worker] DEBUG o.s.b.f.s.DefaultListableBeanFactory - Creating shared instance of singleton bean 'classPathBeanDefinitionScannerJsr330ScopeIntegrationTests.SessionScopedTestBean'
14:08:35.776 [Test worker] DEBUG o.s.b.f.s.DefaultListableBeanFactory - Creating shared instance of singleton bean 'singleton'
]]></system-out>
  <system-err><![CDATA[]]></system-err>
</testsuite>
