<?xml version="1.0" encoding="UTF-8"?>
<testsuite name="org.springframework.core.env.PropertyPlaceholderConfigurerEnvironmentIntegrationTests" tests="1" skipped="0" failures="0" errors="0" timestamp="2019-11-11T06:08:37" hostname="gangzideMacBook-Pro.local" time="0.041">
  <properties/>
  <testcase name="test()" classname="org.springframework.core.env.PropertyPlaceholderConfigurerEnvironmentIntegrationTests" time="0.041"/>
  <system-out><![CDATA[14:08:37.014 [Test worker] DEBUG o.s.c.s.GenericApplicationContext - Refreshing org.springframework.context.support.GenericApplicationContext@1b13a5b
14:08:37.014 [Test worker] DEBUG o.s.b.f.s.DefaultListableBeanFactory - Creating shared instance of singleton bean 'ppc'
14:08:37.050 [Test worker] DEBUG o.s.c.s.GenericApplicationContext - Closing org.springframework.context.support.GenericApplicationContext@1b13a5b, started on Mon Nov 11 14:08:37 CST 2019
]]></system-out>
  <system-err><![CDATA[]]></system-err>
</testsuite>
