<?xml version="1.0" encoding="UTF-8"?>
<testsuite name="org.springframework.beans.factory.xml.ComponentBeanDefinitionParserTests" tests="3" skipped="0" failures="0" errors="0" timestamp="2019-11-11T06:08:39" hostname="gangzideMacBook-Pro.local" time="0.047">
  <properties/>
  <testcase name="testBionicFirstLevelChildren()" classname="org.springframework.beans.factory.xml.ComponentBeanDefinitionParserTests" time="0.046"/>
  <testcase name="testBionicBasic()" classname="org.springframework.beans.factory.xml.ComponentBeanDefinitionParserTests" time="0.0"/>
  <testcase name="testBionicSecondLevelChildren()" classname="org.springframework.beans.factory.xml.ComponentBeanDefinitionParserTests" time="0.001"/>
  <system-out><![CDATA[14:08:39.700 [Test worker] DEBUG o.s.b.f.x.XmlBeanDefinitionReader - Loaded 1 bean definitions from class path resource [org/springframework/beans/factory/xml/component-config.xml]
14:08:39.701 [Test worker] DEBUG o.s.b.f.s.DefaultListableBeanFactory - Creating shared instance of singleton bean 'bionic-family'
]]></system-out>
  <system-err><![CDATA[]]></system-err>
</testsuite>
